<?xml version="1.0" encoding="UTF-8"?>
<testng-results skipped="0" failed="1" total="19" passed="18">
  <reporter-output>
  </reporter-output>
  <suite name="test" duration-ms="3768" started-at="2018-08-15T10:08:34Z" finished-at="2018-08-15T10:08:38Z">
    <groups>
      <group name="put_type">
        <method signature="PutExample.putExampleTest()[pri:0, instance:example.PutExample@36be1318]" name="putExampleTest" class="example.PutExample"/>
      </group> <!-- put_type -->
      <group name="p1">
        <method signature="DeleteExapmle.deleteExampleTest()[pri:0, instance:example.DeleteExapmle@31818dbc]" name="deleteExampleTest" class="example.DeleteExapmle"/>
        <method signature="PutExample.putExampleTest()[pri:0, instance:example.PutExample@36be1318]" name="putExampleTest" class="example.PutExample"/>
      </group> <!-- p1 -->
      <group name="failed">
        <method signature="ErrorExampleTest.errorExampleTest()[pri:0, instance:failed.ErrorExampleTest@6b776b55]" name="errorExampleTest" class="failed.ErrorExampleTest"/>
      </group> <!-- failed -->
      <group name="delete_type">
        <method signature="DeleteExapmle.deleteExampleTest()[pri:0, instance:example.DeleteExapmle@31818dbc]" name="deleteExampleTest" class="example.DeleteExapmle"/>
      </group> <!-- delete_type -->
      <group name="p0">
        <method signature="BookInfoTest.getBookInfoTest()[pri:0, instance:store.BookInfoTest@1686caf8]" name="getBookInfoTest" class="store.BookInfoTest"/>
        <method signature="ErrorExampleTest.errorExampleTest()[pri:0, instance:failed.ErrorExampleTest@6b776b55]" name="errorExampleTest" class="failed.ErrorExampleTest"/>
        <method signature="GetExample.getExampleTest()[pri:0, instance:example.GetExample@16a51ac9]" name="getExampleTest" class="example.GetExample"/>
        <method signature="LoginTest.errorPwdLoginTest(java.lang.String, java.lang.String, java.lang.String, java.lang.String, java.lang.String, java.lang.String)[pri:0, instance:login.LoginTest@49940c14]" name="errorPwdLoginTest" class="login.LoginTest"/>
        <method signature="LoginTest.errorUserNameLoginTest(java.lang.String, java.lang.String)[pri:0, instance:login.LoginTest@49940c14]" name="errorUserNameLoginTest" class="login.LoginTest"/>
        <method signature="LoginTest.passedloginTest(java.lang.String, java.lang.String)[pri:0, instance:login.LoginTest@49940c14]" name="passedloginTest" class="login.LoginTest"/>
      </group> <!-- p0 -->
      <group name="json_parse">
        <method signature="BookInfoTest.getBookInfoTest()[pri:0, instance:store.BookInfoTest@1686caf8]" name="getBookInfoTest" class="store.BookInfoTest"/>
      </group> <!-- json_parse -->
    </groups>
    <test name="getExample" duration-ms="3768" started-at="2018-08-15T10:08:34Z" finished-at="2018-08-15T10:08:38Z">
      <class name="store.BookInfoTest">
        <test-method status="PASS" signature="init()[pri:0, instance:store.BookInfoTest@1686caf8]" name="init" is-config="true" duration-ms="0" started-at="2018-08-15T18:08:38Z" finished-at="2018-08-15T18:08:38Z">
          <reporter-output>
          </reporter-output>
        </test-method> <!-- init -->
        <test-method status="PASS" signature="getBookInfoTest()[pri:0, instance:store.BookInfoTest@1686caf8]" name="getBookInfoTest" duration-ms="31" started-at="2018-08-15T18:08:38Z" finished-at="2018-08-15T18:08:38Z">
          <reporter-output>
          </reporter-output>
        </test-method> <!-- getBookInfoTest -->
        <test-method status="PASS" signature="getWinnerIdTest()[pri:0, instance:store.BookInfoTest@1686caf8]" name="getWinnerIdTest" duration-ms="31" started-at="2018-08-15T18:08:38Z" finished-at="2018-08-15T18:08:38Z">
          <reporter-output>
          </reporter-output>
        </test-method> <!-- getWinnerIdTest -->
      </class> <!-- store.BookInfoTest -->
      <class name="example.GetExample">
        <test-method status="PASS" signature="getExampleTest()[pri:0, instance:example.GetExample@16a51ac9]" name="getExampleTest" duration-ms="109" started-at="2018-08-15T18:08:37Z" finished-at="2018-08-15T18:08:37Z">
          <reporter-output>
          </reporter-output>
        </test-method> <!-- getExampleTest -->
        <test-method status="PASS" signature="init()[pri:0, instance:example.GetExample@16a51ac9]" name="init" is-config="true" duration-ms="0" started-at="2018-08-15T18:08:37Z" finished-at="2018-08-15T18:08:37Z">
          <reporter-output>
          </reporter-output>
        </test-method> <!-- init -->
      </class> <!-- example.GetExample -->
      <class name="failed.ErrorExampleTest">
        <test-method status="PASS" signature="init()[pri:0, instance:failed.ErrorExampleTest@6b776b55]" name="init" is-config="true" duration-ms="0" started-at="2018-08-15T18:08:38Z" finished-at="2018-08-15T18:08:38Z">
          <reporter-output>
          </reporter-output>
        </test-method> <!-- init -->
        <test-method status="FAIL" signature="errorExampleTest()[pri:0, instance:failed.ErrorExampleTest@6b776b55]" name="errorExampleTest" duration-ms="16" started-at="2018-08-15T18:08:38Z" finished-at="2018-08-15T18:08:38Z">
          <exception class="java.lang.AssertionError">
            <message>
              <![CDATA[error occurred]]>
            </message>
            <full-stacktrace>
              <![CDATA[java.lang.AssertionError: error occurred
	at org.testng.Assert.fail(Assert.java:94)
	at tools.AssertTool.assertEqualsInt(AssertTool.java:25)
	at failed.ErrorExampleTest.errorExampleTest(ErrorExampleTest.java:29)
	at sun.reflect.NativeMethodAccessorImpl.invoke0(Native Method)
	at sun.reflect.NativeMethodAccessorImpl.invoke(NativeMethodAccessorImpl.java:57)
	at sun.reflect.DelegatingMethodAccessorImpl.invoke(DelegatingMethodAccessorImpl.java:43)
	at java.lang.reflect.Method.invoke(Method.java:606)
	at org.testng.internal.MethodInvocationHelper.invokeMethod(MethodInvocationHelper.java:85)
	at org.testng.internal.Invoker.invokeMethod(Invoker.java:639)
	at org.testng.internal.Invoker.invokeTestMethod(Invoker.java:816)
	at org.testng.internal.Invoker.invokeTestMethods(Invoker.java:1124)
	at org.testng.internal.TestMethodWorker.invokeTestMethods(TestMethodWorker.java:125)
	at org.testng.internal.TestMethodWorker.run(TestMethodWorker.java:108)
	at org.testng.TestRunner.privateRun(TestRunner.java:774)
	at org.testng.TestRunner.run(TestRunner.java:624)
	at org.testng.SuiteRunner.runTest(SuiteRunner.java:359)
	at org.testng.SuiteRunner.runSequentially(SuiteRunner.java:354)
	at org.testng.SuiteRunner.privateRun(SuiteRunner.java:312)
	at org.testng.SuiteRunner.run(SuiteRunner.java:261)
	at org.testng.SuiteRunnerWorker.runSuite(SuiteRunnerWorker.java:52)
	at org.testng.SuiteRunnerWorker.run(SuiteRunnerWorker.java:86)
	at org.testng.TestNG.runSuitesSequentially(TestNG.java:1215)
	at org.testng.TestNG.runSuitesLocally(TestNG.java:1140)
	at org.testng.TestNG.run(TestNG.java:1048)
	at org.testng.IDEARemoteTestNG.run(IDEARemoteTestNG.java:72)
	at org.testng.RemoteTestNGStarter.main(RemoteTestNGStarter.java:123)
]]>
            </full-stacktrace>
          </exception> <!-- java.lang.AssertionError -->
          <reporter-output>
          </reporter-output>
        </test-method> <!-- errorExampleTest -->
      </class> <!-- failed.ErrorExampleTest -->
      <class name="example.PostExample">
        <test-method status="PASS" signature="postExampleTest()[pri:0, instance:example.PostExample@30804b08]" name="postExampleTest" duration-ms="46" started-at="2018-08-15T18:08:38Z" finished-at="2018-08-15T18:08:38Z">
          <reporter-output>
          </reporter-output>
        </test-method> <!-- postExampleTest -->
      </class> <!-- example.PostExample -->
      <class name="login.LoginTest">
        <test-method status="PASS" signature="init()[pri:0, instance:login.LoginTest@49940c14]" name="init" is-config="true" duration-ms="671" started-at="2018-08-15T18:08:34Z" finished-at="2018-08-15T18:08:35Z">
          <reporter-output>
          </reporter-output>
        </test-method> <!-- init -->
        <test-method status="PASS" signature="errorPwdLoginTest(java.lang.String, java.lang.String, java.lang.String, java.lang.String, java.lang.String, java.lang.String)[pri:0, instance:login.LoginTest@49940c14]" name="errorPwdLoginTest" duration-ms="1062" started-at="2018-08-15T18:08:36Z" description="描述内容" data-provider="requestBody" finished-at="2018-08-15T18:08:37Z">
          <params>
            <param index="0">
              <value>
                <![CDATA[/login/test]]>
              </value>
            </param>
            <param index="1">
              <value>
                <![CDATA[{
     username:admin,
     password:admin1
}]]>
              </value>
            </param>
            <param index="2">
              <value>
                <![CDATA[access_token]]>
              </value>
            </param>
            <param index="3">
              <value>
                <![CDATA[rSWamyAYwuHCo7IFAgd1oRpSP7nzL7BF5t7ItqpKViM]]>
              </value>
            </param>
            <param index="4">
              <value>
                <![CDATA[JSESSIONID]]>
              </value>
            </param>
            <param index="5">
              <value is-null="true"/>
            </param>
          </params>
          <reporter-output>
          </reporter-output>
        </test-method> <!-- errorPwdLoginTest -->
        <test-method status="PASS" signature="errorPwdLoginTest(java.lang.String, java.lang.String, java.lang.String, java.lang.String, java.lang.String, java.lang.String)[pri:0, instance:login.LoginTest@49940c14]" name="errorPwdLoginTest" duration-ms="32" started-at="2018-08-15T18:08:37Z" description="描述内容" data-provider="requestBody" finished-at="2018-08-15T18:08:37Z">
          <params>
            <param index="0">
              <value>
                <![CDATA[/login/test]]>
              </value>
            </param>
            <param index="1">
              <value>
                <![CDATA[{
     username:admin,
     password:admin2
}]]>
              </value>
            </param>
            <param index="2">
              <value>
                <![CDATA[access_token]]>
              </value>
            </param>
            <param index="3">
              <value>
                <![CDATA[rSWamyAYwuHCo7IFAgd1oRpSP7nzL7BF5t8ItqpKViM]]>
              </value>
            </param>
            <param index="4">
              <value>
                <![CDATA[JSESSIONID]]>
              </value>
            </param>
            <param index="5">
              <value is-null="true"/>
            </param>
          </params>
          <reporter-output>
          </reporter-output>
        </test-method> <!-- errorPwdLoginTest -->
        <test-method status="PASS" signature="errorPwdLoginTest(java.lang.String, java.lang.String, java.lang.String, java.lang.String, java.lang.String, java.lang.String)[pri:0, instance:login.LoginTest@49940c14]" name="errorPwdLoginTest" duration-ms="31" started-at="2018-08-15T18:08:37Z" description="描述内容" data-provider="requestBody" finished-at="2018-08-15T18:08:37Z">
          <params>
            <param index="0">
              <value>
                <![CDATA[/login/test]]>
              </value>
            </param>
            <param index="1">
              <value>
                <![CDATA[{
     username:admin,
     password:admin3
}]]>
              </value>
            </param>
            <param index="2">
              <value>
                <![CDATA[access_token]]>
              </value>
            </param>
            <param index="3">
              <value>
                <![CDATA[rSWamyAYwuHCo7IFAgd1oRpSP7nzL7BF5t9ItqpKViM]]>
              </value>
            </param>
            <param index="4">
              <value>
                <![CDATA[JSESSIONID]]>
              </value>
            </param>
            <param index="5">
              <value is-null="true"/>
            </param>
          </params>
          <reporter-output>
          </reporter-output>
        </test-method> <!-- errorPwdLoginTest -->
        <test-method status="PASS" signature="errorPwdLoginTest(java.lang.String, java.lang.String, java.lang.String, java.lang.String, java.lang.String, java.lang.String)[pri:0, instance:login.LoginTest@49940c14]" name="errorPwdLoginTest" duration-ms="31" started-at="2018-08-15T18:08:37Z" description="描述内容" data-provider="requestBody" finished-at="2018-08-15T18:08:37Z">
          <params>
            <param index="0">
              <value>
                <![CDATA[/login/test]]>
              </value>
            </param>
            <param index="1">
              <value>
                <![CDATA[{
     username:admin,
     password:admin4
}]]>
              </value>
            </param>
            <param index="2">
              <value>
                <![CDATA[access_token]]>
              </value>
            </param>
            <param index="3">
              <value>
                <![CDATA[rSWamyAYwuHCo7IFAgd1oRpSP7nzL7BF5t10ItqpKViM]]>
              </value>
            </param>
            <param index="4">
              <value>
                <![CDATA[JSESSIONID]]>
              </value>
            </param>
            <param index="5">
              <value is-null="true"/>
            </param>
          </params>
          <reporter-output>
          </reporter-output>
        </test-method> <!-- errorPwdLoginTest -->
        <test-method status="PASS" signature="errorPwdLoginTest(java.lang.String, java.lang.String, java.lang.String, java.lang.String, java.lang.String, java.lang.String)[pri:0, instance:login.LoginTest@49940c14]" name="errorPwdLoginTest" duration-ms="31" started-at="2018-08-15T18:08:37Z" description="描述内容" data-provider="requestBody" finished-at="2018-08-15T18:08:37Z">
          <params>
            <param index="0">
              <value>
                <![CDATA[/login/test]]>
              </value>
            </param>
            <param index="1">
              <value>
                <![CDATA[{
     username:admin,
     password:admin5
}]]>
              </value>
            </param>
            <param index="2">
              <value>
                <![CDATA[access_token]]>
              </value>
            </param>
            <param index="3">
              <value>
                <![CDATA[rSWamyAYwuHCo7IFAgd1oRpSP7nzL7BF5t11ItqpKViM]]>
              </value>
            </param>
            <param index="4">
              <value>
                <![CDATA[JSESSIONID]]>
              </value>
            </param>
            <param index="5">
              <value is-null="true"/>
            </param>
          </params>
          <reporter-output>
          </reporter-output>
        </test-method> <!-- errorPwdLoginTest -->
        <test-method status="PASS" signature="errorPwdLoginTest(java.lang.String, java.lang.String, java.lang.String, java.lang.String, java.lang.String, java.lang.String)[pri:0, instance:login.LoginTest@49940c14]" name="errorPwdLoginTest" duration-ms="16" started-at="2018-08-15T18:08:37Z" description="描述内容" data-provider="requestBody" finished-at="2018-08-15T18:08:37Z">
          <params>
            <param index="0">
              <value>
                <![CDATA[/login/test]]>
              </value>
            </param>
            <param index="1">
              <value>
                <![CDATA[{
     username:admin,
     password:admin6
}]]>
              </value>
            </param>
            <param index="2">
              <value>
                <![CDATA[access_token]]>
              </value>
            </param>
            <param index="3">
              <value>
                <![CDATA[rSWamyAYwuHCo7IFAgd1oRpSP7nzL7BF5t12ItqpKViM]]>
              </value>
            </param>
            <param index="4">
              <value>
                <![CDATA[JSESSIONID]]>
              </value>
            </param>
            <param index="5">
              <value is-null="true"/>
            </param>
          </params>
          <reporter-output>
          </reporter-output>
        </test-method> <!-- errorPwdLoginTest -->
        <test-method status="PASS" signature="errorPwdLoginTest(java.lang.String, java.lang.String, java.lang.String, java.lang.String, java.lang.String, java.lang.String)[pri:0, instance:login.LoginTest@49940c14]" name="errorPwdLoginTest" duration-ms="31" started-at="2018-08-15T18:08:37Z" description="描述内容" data-provider="requestBody" finished-at="2018-08-15T18:08:37Z">
          <params>
            <param index="0">
              <value>
                <![CDATA[/login/test]]>
              </value>
            </param>
            <param index="1">
              <value>
                <![CDATA[{
     username:admin,
     password:admin7
}]]>
              </value>
            </param>
            <param index="2">
              <value>
                <![CDATA[access_token]]>
              </value>
            </param>
            <param index="3">
              <value>
                <![CDATA[rSWamyAYwuHCo7IFAgd1oRpSP7nzL7BF5t13ItqpKViM]]>
              </value>
            </param>
            <param index="4">
              <value>
                <![CDATA[JSESSIONID]]>
              </value>
            </param>
            <param index="5">
              <value is-null="true"/>
            </param>
          </params>
          <reporter-output>
          </reporter-output>
        </test-method> <!-- errorPwdLoginTest -->
        <test-method status="PASS" signature="errorUserNameLoginTest(java.lang.String, java.lang.String)[pri:0, instance:login.LoginTest@49940c14]" name="errorUserNameLoginTest" duration-ms="31" started-at="2018-08-15T18:08:37Z" data-provider="username" finished-at="2018-08-15T18:08:37Z">
          <params>
            <param index="0">
              <value>
                <![CDATA[user1]]>
              </value>
            </param>
            <param index="1">
              <value>
                <![CDATA[admin]]>
              </value>
            </param>
          </params>
          <reporter-output>
          </reporter-output>
        </test-method> <!-- errorUserNameLoginTest -->
        <test-method status="PASS" signature="errorUserNameLoginTest(java.lang.String, java.lang.String)[pri:0, instance:login.LoginTest@49940c14]" name="errorUserNameLoginTest" duration-ms="31" started-at="2018-08-15T18:08:37Z" data-provider="username" finished-at="2018-08-15T18:08:37Z">
          <params>
            <param index="0">
              <value>
                <![CDATA[user2]]>
              </value>
            </param>
            <param index="1">
              <value>
                <![CDATA[admin]]>
              </value>
            </param>
          </params>
          <reporter-output>
          </reporter-output>
        </test-method> <!-- errorUserNameLoginTest -->
        <test-method status="PASS" signature="errorUserNameLoginTest(java.lang.String, java.lang.String)[pri:0, instance:login.LoginTest@49940c14]" name="errorUserNameLoginTest" duration-ms="32" started-at="2018-08-15T18:08:37Z" data-provider="username" finished-at="2018-08-15T18:08:37Z">
          <params>
            <param index="0">
              <value>
                <![CDATA[use3]]>
              </value>
            </param>
            <param index="1">
              <value>
                <![CDATA[admin]]>
              </value>
            </param>
          </params>
          <reporter-output>
          </reporter-output>
        </test-method> <!-- errorUserNameLoginTest -->
        <test-method status="PASS" signature="passedloginTest(java.lang.String, java.lang.String)[pri:0, instance:login.LoginTest@49940c14]" name="passedloginTest" duration-ms="408" started-at="2018-08-15T18:08:37Z" finished-at="2018-08-15T18:08:37Z">
          <params>
            <param index="0">
              <value>
                <![CDATA[admin]]>
              </value>
            </param>
            <param index="1">
              <value>
                <![CDATA[admin]]>
              </value>
            </param>
          </params>
          <reporter-output>
          </reporter-output>
        </test-method> <!-- passedloginTest -->
      </class> <!-- login.LoginTest -->
      <class name="store.BicycleInfoTest">
        <test-method status="PASS" signature="init()[pri:0, instance:store.BicycleInfoTest@78d7a8bb]" name="init" is-config="true" duration-ms="0" started-at="2018-08-15T18:08:38Z" finished-at="2018-08-15T18:08:38Z">
          <reporter-output>
          </reporter-output>
        </test-method> <!-- init -->
        <test-method status="PASS" signature="getBicycleInfoTest()[pri:0, instance:store.BicycleInfoTest@78d7a8bb]" name="getBicycleInfoTest" duration-ms="78" started-at="2018-08-15T18:08:38Z" finished-at="2018-08-15T18:08:38Z">
          <reporter-output>
          </reporter-output>
        </test-method> <!-- getBicycleInfoTest -->
      </class> <!-- store.BicycleInfoTest -->
      <class name="example.DeleteExapmle">
        <test-method status="PASS" signature="init()[pri:0, instance:example.DeleteExapmle@31818dbc]" name="init" is-config="true" duration-ms="0" started-at="2018-08-15T18:08:37Z" finished-at="2018-08-15T18:08:37Z">
          <reporter-output>
          </reporter-output>
        </test-method> <!-- init -->
        <test-method status="PASS" signature="deleteExampleTest()[pri:0, instance:example.DeleteExapmle@31818dbc]" name="deleteExampleTest" duration-ms="47" started-at="2018-08-15T18:08:37Z" finished-at="2018-08-15T18:08:38Z">
          <reporter-output>
          </reporter-output>
        </test-method> <!-- deleteExampleTest -->
      </class> <!-- example.DeleteExapmle -->
      <class name="example.PutExample">
        <test-method status="PASS" signature="init()[pri:0, instance:example.PutExample@36be1318]" name="init" is-config="true" duration-ms="0" started-at="2018-08-15T18:08:38Z" finished-at="2018-08-15T18:08:38Z">
          <reporter-output>
          </reporter-output>
        </test-method> <!-- init -->
        <test-method status="PASS" signature="putExampleTest()[pri:0, instance:example.PutExample@36be1318]" name="putExampleTest" duration-ms="32" started-at="2018-08-15T18:08:38Z" finished-at="2018-08-15T18:08:38Z">
          <reporter-output>
          </reporter-output>
        </test-method> <!-- putExampleTest -->
      </class> <!-- example.PutExample -->
    </test> <!-- getExample -->
  </suite> <!-- test -->
</testng-results>
